<?xml version="1.0" encoding="UTF-8"?>
<!-- Generated by org.testng.reporters.JUnitReportReporter -->
<testsuite skipped="0" hostname="LAPTOP-NBA1G7PD" name="com.crm.contactTest.ContactTest" tests="2" failures="0" timestamp="18 Oct 2021 13:47:58 GMT" time="0.040" errors="0">
  <testcase name="createContactTest" time="0.034" classname="com.crm.contactTest.ContactTest"/>
  <testcase name="editContactTest" time="0.006" classname="com.crm.contactTest.ContactTest"/>
</testsuite> <!-- com.crm.contactTest.ContactTest -->
