<?xml version="1.0" encoding="UTF-8"?>
<!-- Generated by org.testng.reporters.JUnitReportReporter -->
<testsuite skipped="0" hostname="LAPTOP-NBA1G7PD" name="com.crm.orgTest.OrgTest" tests="2" failures="0" timestamp="18 Oct 2021 13:45:03 GMT" time="0.052" errors="0">
  <testcase name="createOrgTest" time="0.041" classname="com.crm.orgTest.OrgTest"/>
  <testcase name="editOrgTest" time="0.011" classname="com.crm.orgTest.OrgTest"/>
</testsuite> <!-- com.crm.orgTest.OrgTest -->
